<?xml version="1.0" encoding="UTF-8"?>
<!-- Generated by org.testng.reporters.JUnitReportReporter -->
<testsuite skipped="0" hostname="ip-172-31-44-99" name="TetpckgRedBus.LoginTest" tests="1" failures="0" timestamp="2020-12-14T14:28:25 UTC" time="4.245" errors="0">
  <testcase name="login" time="4.245" classname="TetpckgRedBus.LoginTest"/>
  <system-out/>
</testsuite> <!-- TetpckgRedBus.LoginTest -->
