<?xml version="1.0" encoding="UTF-8"?>
<!-- Generated by org.testng.reporters.JUnitReportReporter -->
<testsuite hostname="ip-172-31-44-99" name="TetpckgRedBus.LoginTest" tests="1" failures="0" timestamp="14 Dec 2020 15:32:54 GMT" time="4.016" errors="0">
  <testcase name="login" time="4.016" classname="TetpckgRedBus.LoginTest"/>
</testsuite> <!-- TetpckgRedBus.LoginTest -->
